
   HANDE

 ================================================================
Version information
-------------------
Version       | v1.5-695-gd594f74
Commit hash   | d594f744c3d331079cae33bfb87f8b71898c9ecb
Commit author | Alex Thom
Commit date   | Mon Jan 8 17:34:12 2024 +0000
Branch        | main

Configuration and build information
-----------------------------------
Who compiled             | vanbenschoten
Compilation hostname     | CHEM-M235
Operating system         | Darwin-22.6.0
CMake version            | 3.26.4
CMake generator          | Unix Makefiles
Build type               | relapplesilicon
Configuration time       | 2024-01-18 15:15:18 [UTC]
Python version           | 3.10.9
Fortran compiler         | /usr/local/bin/mpifort
C compiler               | /usr/local/bin/mpicc
DET_SIZE set to          | 64
POP_SIZE set to          | 64
dSFMT Mersenne exponent  | 19937
MPI parallelization      | ON
MPI launcher             | /usr/local/bin/mpiexec
OpenMP parallelization   | ON
Lua version              | 5.4.6
HDF5 library version     | 1.14.1-2

Further components
------------------
DISABLE_HDF5 not defined.  HDF5 enabled.
DISABLE_UUID defined.  UUID disabled.
PARALLEL defined.  MPI parallelization enabled.
DISABLE_MPI3 not defined.  MPI-3 functionality enabled.
PARALLEL defined. DISABLE_MPI3 and ENABLE_SHMEM_POSIX not defined. MPI-3 in use.
DISABLE_SCALAPACK not defined.  ScaLAPACK enabled.
SINGLE_PRECISION not defined.  Double precision used throughout.
USE_POPCNT not defined. Internal POPCNT procedure used.

Runtime information
-------------------
Hostname:
    CHEM-M235
Current working dir:
    /Users/vanbenschoten/Chemistry/h2/msscan/He_pbc
Started running on 27/03/2024 at 14:33:28
 Calculation UUID: UNKNOWN: UUID GENERATION DISABLED.  .
 ================================================================

 Input options
 -------------

for nalpha = 0, 2, 1 do
    nbeta = 2 - nalpha
    ims = nalpha - nbeta
    fci {
        sys = read_in {
            int_file = '002-HeATOM-M0046.FCIDUMP',
            complex = true,
            electrons = 2,
            ms = ims,
        },
    }
end

 -------------

 WARNING: overriding the number of electrons in FCIDUMP file: 002-HeATOM-M0046.FCIDUMP.
 FCIDUMP file indicates 2 electrons.
 Input file set 2 electrons.

 Memory required for all two body integrals (MB) on each processor: 0
 It is left to the user to ensure that this does not exceed available resources.

 Basis functions
 ---------------

 Spin given in units of 1/2.
 k-points given in terms of the reciprocal lattice vectors of the crystal cell.

 index   k-point            ms       <i|f|i>
     1   (  0,  0,  0)      1       -9.18193628E-01
     2   (  0,  0,  0)     -1       -9.18193628E-01
     3   (  0,  0,  0)      1        4.90939114E-03
     4   (  0,  0,  0)     -1        4.90939114E-03
     5   (  0,  0,  0)      1        8.69660549E-02
     6   (  0,  0,  0)     -1        8.69660549E-02
     7   (  0,  0,  0)      1        8.69660549E-02
     8   (  0,  0,  0)     -1        8.69660549E-02
     9   (  0,  0,  0)      1        8.69660549E-02
    10   (  0,  0,  0)     -1        8.69660549E-02
    11   (  0,  0,  0)      1        8.76080540E-02
    12   (  0,  0,  0)     -1        8.76080540E-02
    13   (  0,  0,  0)      1        8.76080540E-02
    14   (  0,  0,  0)     -1        8.76080540E-02
    15   (  0,  0,  0)      1        1.03692677E-01
    16   (  0,  0,  0)     -1        1.03692677E-01
    17   (  0,  0,  0)      1        1.71727039E-01
    18   (  0,  0,  0)     -1        1.71727039E-01
    19   (  0,  0,  0)      1        1.71727039E-01
    20   (  0,  0,  0)     -1        1.71727039E-01
    21   (  0,  0,  0)      1        1.71727039E-01
    22   (  0,  0,  0)     -1        1.71727039E-01
    23   (  0,  0,  0)      1        1.73918267E-01
    24   (  0,  0,  0)     -1        1.73918267E-01
    25   (  0,  0,  0)      1        1.73918267E-01
    26   (  0,  0,  0)     -1        1.73918267E-01
    27   (  0,  0,  0)      1        1.73918267E-01
    28   (  0,  0,  0)     -1        1.73918267E-01
    29   (  0,  0,  0)      1        1.73959880E-01
    30   (  0,  0,  0)     -1        1.73959880E-01
    31   (  0,  0,  0)      1        1.73959880E-01
    32   (  0,  0,  0)     -1        1.73959880E-01
    33   (  0,  0,  0)      1        1.73998053E-01
    34   (  0,  0,  0)     -1        1.73998053E-01
    35   (  0,  0,  0)      1        1.73998053E-01
    36   (  0,  0,  0)     -1        1.73998053E-01
    37   (  0,  0,  0)      1        1.73998053E-01
    38   (  0,  0,  0)     -1        1.73998053E-01
    39   (  0,  0,  0)      1        2.06904685E-01
    40   (  0,  0,  0)     -1        2.06904685E-01
    41   (  0,  0,  0)      1        2.58404647E-01
    42   (  0,  0,  0)     -1        2.58404647E-01
    43   (  0,  0,  0)      1        2.58404647E-01
    44   (  0,  0,  0)     -1        2.58404647E-01
    45   (  0,  0,  0)      1        2.58404648E-01
    46   (  0,  0,  0)     -1        2.58404648E-01

 E_core =    0.000000000000
 Number of electrons: 2
 Number of basis functions: 46

 Bit-length of integers used to store determinant bit-strings: 64
 Number of integers used to store determinant bit-strings: 1

 Symmetry information
 --------------------

 The table below gives the label and inverse of each wavevector.

 Index    k-point         Inverse
   1      (  0,  0,  0)        1

 The matrix below gives the result of k_i+k_j to within a reciprocal lattice vector.

  1

 FCI
 ---

 -- Start JSON block --
 {
     "system": {
         "nbasis": 46,   
         "nel": 2,   
         "nvirt": 44,   
         "Ms": -2,   
         "nalpha": 0,   
         "nbeta": 2,   
         "nvirt_alpha": 23,   
         "nvirt_beta": 21,   
         "nsym": 1,   
         "sym0": 1,   
         "sym_max": 1,   
         "nsym_tot": 1,   
         "sym0_tot": 1,   
         "sym_max_tot": 1,   
         "symmetry": 1,   
         "tot_sym": false,   
         "aufbau_sym": true,   
         "max_number_excitations": 2,   
         "read_in": {
             "int_file":  "002-HeATOM-M0046.FCIDUMP",   
             "uhf": false,   
             "Ecore": 0.00000000E+000,   
             "CAS": [ -1, -1],
             "useLz": false,   
             "complex": true    
         }
     },
     "fci_in": {
         "write_hamiltonian": false,   
         "hamiltonian_file":  "HAMIL",   
         "write_determinants": false,   
         "determinant_file":  "DETS",   
         "print_fci_wfn": 0,   
         "print_fci_wfn_file":  "FCI_WFN",   
         "analyse_fci_wfn": 0,   
         "block_size": 64,   
         "ndavidson_eigv": 4,   
         "ndavidson_trialvec": 8,   
         "davidson_maxsize": 50,   
         "davidson_tol": 1.00000001E-007,   
         "hamiltonian_diagonal_only": false,   
     },
     "reference": {
         "ex_level": 2    
     }
 }
 -- End JSON block --

 The table below gives the number of determinants for each symmetry with Ms=-2.

 Symmetry index      # dets
         1              253

 Performing exact diagonalisation...

 LAPACK diagonalisation results
 ^^^^^^^^^^^^^^^^^^^^^^^^^^^^^^

  State     Energy
      1    -2.136505750471
      2    -2.069239929948
      3    -2.069239358751
      4    -2.069238794104
      5    -2.038363415743
      6    -2.038363407758
      7    -2.035965166985
      8    -1.975567216644
      9    -1.975566632500
     10    -1.975566044412
     11    -1.957149683056
     12    -1.957149677579
     13    -1.957149676717
     14    -1.948194468991
     15    -1.948194467597
     16    -1.948194465386
     17    -1.947156487123
     18    -1.947156486176
     19    -1.925096197864
     20    -1.868709002128
     21    -1.868708991743
     22    -1.868708985022
     23    -0.582072508940
     24    -0.582072380614
     25    -0.582072090294
     26    -0.518267333844
     27    -0.518265364327
     28    -0.518262217515
     29    -0.501538546100
     30    -0.501538311767
     31    -0.498106921065
     32    -0.451309579660
     33    -0.451307683093
     34    -0.451306237492
     35    -0.449023421934
     36    -0.449021583640
     37    -0.449019023561
     38    -0.435263673491
     39    -0.435261588547
     40    -0.435259127085
     41    -0.431320374056
     42    -0.431319689121
     43    -0.431319026471
     44    -0.415187212334
     45    -0.415186825018
     46    -0.415186704637
     47    -0.397291945815
     48    -0.397291289533
     49    -0.395468648163
     50    -0.395468100057
     51    -0.395467756656
     52    -0.387356173121
     53    -0.387352772576
     54    -0.384614722063
     55    -0.382489331456
     56    -0.382483085902
     57    -0.382481138204
     58    -0.381950781202
     59    -0.381945494806
     60    -0.381944147051
     61    -0.373444999880
     62    -0.372378039754
     63    -0.372373673405
     64    -0.372373011784
     65    -0.370875318413
     66    -0.370619511125
     67    -0.364076883007
     68    -0.364074344489
     69    -0.364070515189
     70    -0.357474063718
     71    -0.357470542439
     72    -0.356979331745
     73    -0.356978662987
     74    -0.346892387655
     75    -0.346857310487
     76    -0.346855375361
     77    -0.346850455503
     78    -0.345760406814
     79    -0.345754464682
     80    -0.344281707836
     81    -0.344277480821
     82    -0.344273889041
     83    -0.343025277842
     84    -0.343016389848
     85    -0.343015125778
     86    -0.341469226785
     87    -0.341467870015
     88    -0.341461064817
     89    -0.327328460798
     90    -0.327327934346
     91    -0.327327007564
     92    -0.312614199595
     93    -0.312613612622
     94    -0.312612919735
     95    -0.297888226184
     96    -0.297887154833
     97    -0.297884524103
     98    -0.293162370727
     99    -0.293160642127
    100    -0.293157658101
    101    -0.289907783938
    102    -0.289906967440
    103    -0.289904427198
    104    -0.274364537112
    105    -0.274361106462
    106    -0.274358450299
    107    -0.273872517905
    108    -0.273868961587
    109    -0.273862129483
    110    -0.272787298614
    111    -0.270312616423
    112    -0.270310094999
    113    -0.265557050720
    114    -0.265554978181
    115    -0.265554901747
    116    -0.263765565613
    117    -0.263761589619
    118    -0.263759527262
    119    -0.263544691246
    120    -0.263542971109
    121    -0.263541983709
    122    -0.263496973895
    123    -0.262524227244
    124    -0.262522264888
    125    -0.262519965152
    126    -0.260146727308
    127    -0.260145524580
    128    -0.260144363471
    129    -0.257962274506
    130    -0.256498612934
    131    -0.256498046289
    132    -0.251963380293
    133    -0.251962336151
    134    -0.251961127643
    135    -0.251901218041
    136    -0.251901139680
    137    -0.229394541506
    138    -0.229394291917
    139    -0.224929355052
    140    -0.224925993801
    141    -0.224923297798
    142    -0.216379440810
    143    -0.216378896721
    144    -0.216374524150
    145    -0.213939144414
    146    -0.212242629513
    147    -0.209643426780
    148    -0.209639619231
    149    -0.209635942642
    150    -0.207040851036
    151    -0.204344585166
    152    -0.204342749944
    153    -0.203161804595
    154    -0.203158961466
    155    -0.196397407725
    156    -0.196394211998
    157    -0.196392638209
    158    -0.194409166371
    159    -0.194408396270
    160    -0.194407555007
    161    -0.186788041398
    162    -0.186784096278
    163    -0.186779286114
    164    -0.182186410271
    165    -0.182181324242
    166    -0.182177952073
    167    -0.180625544755
    168    -0.180622508324
    169    -0.180617516968
    170    -0.179578935194
    171    -0.178896551358
    172    -0.178896046872
    173    -0.178895691468
    174    -0.177253536937
    175    -0.177248416318
    176    -0.177243142406
    177    -0.170099997036
    178    -0.170098490936
    179    -0.169917147140
    180    -0.169916353670
    181    -0.169915268497
    182    -0.169783146817
    183    -0.169777208505
    184    -0.169773611873
    185    -0.167762882549
    186    -0.167756630913
    187    -0.167748818119
    188    -0.166742511369
    189    -0.166735895814
    190    -0.166728266614
    191    -0.159382153400
    192    -0.159379946335
    193    -0.159379216268
    194    -0.157357599549
    195    -0.157356471396
    196    -0.157355937120
    197    -0.151771420970
    198    -0.151771057161
    199    -0.151770633734
    200    -0.150729764695
    201    -0.150169873200
    202    -0.150168314761
    203    -0.150166369894
    204    -0.141138284644
    205    -0.141138101570
    206    -0.141133792263
    207    -0.132124604028
    208    -0.132123882099
    209    -0.132122737030
    210    -0.125457217190
    211    -0.125457047228
    212    -0.125456709860
    213    -0.113712475194
    214    -0.113712386920
    215    -0.105121901744
    216    -0.105119463733
    217    -0.103772281394
    218    -0.103438664727
    219    -0.103436555849
    220    -0.103433800179
    221    -0.089424114602
    222    -0.089421234629
    223    -0.089419185913
    224    -0.086472654518
    225    -0.086466063290
    226    -0.084139113038
    227    -0.083355733310
    228    -0.083349898121
    229    -0.083345754228
    230    -0.081246748397
    231    -0.081240924946
    232    -0.081236300956
    233    -0.078205035245
    234    -0.077603337843
    235    -0.077603035832
    236    -0.065440760891
    237    -0.065439304915
    238    -0.065438539725
    239    -0.062917136121
    240    -0.062914118420
    241    -0.062911328053
    242    -0.061205672919
    243    -0.061200900055
    244    -0.061200410663
    245    -0.059989726155
    246    -0.059984319864
    247    -0.059981082685
    248    -0.015659952780
    249    -0.015659461863
    250    -0.015659084769
    251     0.029423351352
    252     0.029423947616
    253     0.029425429555

 Memory required for all two body integrals (MB) on each processor: 0
 It is left to the user to ensure that this does not exceed available resources.

 Basis functions
 ---------------

 Spin given in units of 1/2.
 k-points given in terms of the reciprocal lattice vectors of the crystal cell.

 index   k-point            ms       <i|f|i>
     1   (  0,  0,  0)      1       -9.18193628E-01
     2   (  0,  0,  0)     -1       -9.18193628E-01
     3   (  0,  0,  0)      1        4.90939114E-03
     4   (  0,  0,  0)     -1        4.90939114E-03
     5   (  0,  0,  0)      1        8.69660549E-02
     6   (  0,  0,  0)     -1        8.69660549E-02
     7   (  0,  0,  0)      1        8.69660549E-02
     8   (  0,  0,  0)     -1        8.69660549E-02
     9   (  0,  0,  0)      1        8.69660549E-02
    10   (  0,  0,  0)     -1        8.69660549E-02
    11   (  0,  0,  0)      1        8.76080540E-02
    12   (  0,  0,  0)     -1        8.76080540E-02
    13   (  0,  0,  0)      1        8.76080540E-02
    14   (  0,  0,  0)     -1        8.76080540E-02
    15   (  0,  0,  0)      1        1.03692677E-01
    16   (  0,  0,  0)     -1        1.03692677E-01
    17   (  0,  0,  0)      1        1.71727039E-01
    18   (  0,  0,  0)     -1        1.71727039E-01
    19   (  0,  0,  0)      1        1.71727039E-01
    20   (  0,  0,  0)     -1        1.71727039E-01
    21   (  0,  0,  0)      1        1.71727039E-01
    22   (  0,  0,  0)     -1        1.71727039E-01
    23   (  0,  0,  0)      1        1.73918267E-01
    24   (  0,  0,  0)     -1        1.73918267E-01
    25   (  0,  0,  0)      1        1.73918267E-01
    26   (  0,  0,  0)     -1        1.73918267E-01
    27   (  0,  0,  0)      1        1.73918267E-01
    28   (  0,  0,  0)     -1        1.73918267E-01
    29   (  0,  0,  0)      1        1.73959880E-01
    30   (  0,  0,  0)     -1        1.73959880E-01
    31   (  0,  0,  0)      1        1.73959880E-01
    32   (  0,  0,  0)     -1        1.73959880E-01
    33   (  0,  0,  0)      1        1.73998053E-01
    34   (  0,  0,  0)     -1        1.73998053E-01
    35   (  0,  0,  0)      1        1.73998053E-01
    36   (  0,  0,  0)     -1        1.73998053E-01
    37   (  0,  0,  0)      1        1.73998053E-01
    38   (  0,  0,  0)     -1        1.73998053E-01
    39   (  0,  0,  0)      1        2.06904685E-01
    40   (  0,  0,  0)     -1        2.06904685E-01
    41   (  0,  0,  0)      1        2.58404647E-01
    42   (  0,  0,  0)     -1        2.58404647E-01
    43   (  0,  0,  0)      1        2.58404647E-01
    44   (  0,  0,  0)     -1        2.58404647E-01
    45   (  0,  0,  0)      1        2.58404648E-01
    46   (  0,  0,  0)     -1        2.58404648E-01

 E_core =    0.000000000000
 Number of electrons: 2
 Number of basis functions: 46

 Bit-length of integers used to store determinant bit-strings: 64
 Number of integers used to store determinant bit-strings: 1

 Symmetry information
 --------------------

 The table below gives the label and inverse of each wavevector.

 Index    k-point         Inverse
   1      (  0,  0,  0)        1

 The matrix below gives the result of k_i+k_j to within a reciprocal lattice vector.

  1

 FCI
 ---

 -- Start JSON block --
 {
     "system": {
         "nbasis": 46,   
         "nel": 2,   
         "nvirt": 44,   
         "Ms": 0,   
         "nalpha": 1,   
         "nbeta": 1,   
         "nvirt_alpha": 22,   
         "nvirt_beta": 22,   
         "nsym": 1,   
         "sym0": 1,   
         "sym_max": 1,   
         "nsym_tot": 1,   
         "sym0_tot": 1,   
         "sym_max_tot": 1,   
         "symmetry": 1,   
         "tot_sym": false,   
         "aufbau_sym": true,   
         "max_number_excitations": 2,   
         "read_in": {
             "int_file":  "002-HeATOM-M0046.FCIDUMP",   
             "uhf": false,   
             "Ecore": 0.00000000E+000,   
             "CAS": [ -1, -1],
             "useLz": false,   
             "complex": true    
         }
     },
     "fci_in": {
         "write_hamiltonian": false,   
         "hamiltonian_file":  "HAMIL",   
         "write_determinants": false,   
         "determinant_file":  "DETS",   
         "print_fci_wfn": 0,   
         "print_fci_wfn_file":  "FCI_WFN",   
         "analyse_fci_wfn": 0,   
         "block_size": 64,   
         "ndavidson_eigv": 4,   
         "ndavidson_trialvec": 8,   
         "davidson_maxsize": 50,   
         "davidson_tol": 1.00000001E-007,   
         "hamiltonian_diagonal_only": false,   
     },
     "reference": {
         "ex_level": 2    
     }
 }
 -- End JSON block --

 The table below gives the number of determinants for each symmetry with Ms=0.

 Symmetry index      # dets
         1              529

 Performing exact diagonalisation...

 LAPACK diagonalisation results
 ^^^^^^^^^^^^^^^^^^^^^^^^^^^^^^

  State     Energy
      1    -2.862651314369
      2    -2.136505750471
      3    -2.130685567102
      4    -2.069239929948
      5    -2.069239358751
      6    -2.069238794104
      7    -2.065888623669
      8    -2.065888055166
      9    -2.065887499196
     10    -2.038363415743
     11    -2.038363407758
     12    -2.038318171775
     13    -2.038318156228
     14    -2.035965166985
     15    -2.029365721459
     16    -1.975567216644
     17    -1.975566632500
     18    -1.975566044412
     19    -1.973274736446
     20    -1.973274205070
     21    -1.973273653320
     22    -1.957149683056
     23    -1.957149677579
     24    -1.957149676717
     25    -1.957083695374
     26    -1.957083688829
     27    -1.957083679919
     28    -1.948194468991
     29    -1.948194467597
     30    -1.948194465386
     31    -1.948192206381
     32    -1.948192202338
     33    -1.948192196577
     34    -1.947156487123
     35    -1.947156486176
     36    -1.947083908822
     37    -1.947083906089
     38    -1.925096197864
     39    -1.920042675937
     40    -1.868709002128
     41    -1.868708991743
     42    -1.868708985022
     43    -1.867715182488
     44    -1.867715177538
     45    -1.867715173063
     46    -0.621555501136
     47    -0.582072508940
     48    -0.582072380614
     49    -0.582072090294
     50    -0.539680962475
     51    -0.539679285661
     52    -0.539678039648
     53    -0.518267333844
     54    -0.518265364327
     55    -0.518262217515
     56    -0.509882841176
     57    -0.509879087418
     58    -0.509871828704
     59    -0.506681898896
     60    -0.506677720410
     61    -0.501538546100
     62    -0.501538311767
     63    -0.498106921065
     64    -0.496337209058
     65    -0.463934910476
     66    -0.463933515348
     67    -0.451309579660
     68    -0.451307683093
     69    -0.451306237492
     70    -0.450912799668
     71    -0.450910886474
     72    -0.450908687945
     73    -0.449866536646
     74    -0.449865781832
     75    -0.449865500168
     76    -0.449023421934
     77    -0.449021583640
     78    -0.449019023561
     79    -0.448421975372
     80    -0.435263673491
     81    -0.435261588547
     82    -0.435259127085
     83    -0.431320374056
     84    -0.431319689121
     85    -0.431319026471
     86    -0.428576506821
     87    -0.428573954600
     88    -0.428573070119
     89    -0.415187212334
     90    -0.415186825018
     91    -0.415186704637
     92    -0.402535584288
     93    -0.402534325904
     94    -0.402531747791
     95    -0.397874399261
     96    -0.397871639085
     97    -0.397291945815
     98    -0.397291289533
     99    -0.396569406383
    100    -0.396565713175
    101    -0.396563417345
    102    -0.395468648163
    103    -0.395468100057
    104    -0.395467756656
    105    -0.388133235388
    106    -0.388131001707
    107    -0.388128147985
    108    -0.387356173121
    109    -0.387352772576
    110    -0.387039002446
    111    -0.387036555226
    112    -0.387031480614
    113    -0.384614722063
    114    -0.382489331456
    115    -0.382483085902
    116    -0.382481138204
    117    -0.381950781202
    118    -0.381945494806
    119    -0.381944147051
    120    -0.379681986265
    121    -0.378285888774
    122    -0.378278180968
    123    -0.373444999880
    124    -0.372378039754
    125    -0.372373673405
    126    -0.372373011784
    127    -0.371993868364
    128    -0.371992174307
    129    -0.371991252047
    130    -0.371811217935
    131    -0.371807510205
    132    -0.370875318413
    133    -0.370619511125
    134    -0.364076883007
    135    -0.364074344489
    136    -0.364070515189
    137    -0.357474063718
    138    -0.357470542439
    139    -0.356979331745
    140    -0.356978662987
    141    -0.355422430005
    142    -0.351428699054
    143    -0.346892387655
    144    -0.346857310487
    145    -0.346855375361
    146    -0.346850455503
    147    -0.346543155871
    148    -0.346540049041
    149    -0.346533138378
    150    -0.346465131560
    151    -0.346463869213
    152    -0.345760406814
    153    -0.345754464682
    154    -0.344281707836
    155    -0.344277480821
    156    -0.344273889041
    157    -0.343025277842
    158    -0.343016389848
    159    -0.343015125778
    160    -0.342354123795
    161    -0.342349798405
    162    -0.342345155304
    163    -0.341469226785
    164    -0.341467870015
    165    -0.341461064817
    166    -0.341247294921
    167    -0.341244536943
    168    -0.341234370610
    169    -0.339012786844
    170    -0.336035587751
    171    -0.336032998659
    172    -0.336029017663
    173    -0.333910986986
    174    -0.333906290345
    175    -0.333903108391
    176    -0.332140135952
    177    -0.332134707128
    178    -0.330258247973
    179    -0.330252616771
    180    -0.330249583063
    181    -0.327328460798
    182    -0.327327934346
    183    -0.327327007564
    184    -0.326918704605
    185    -0.326911993451
    186    -0.325262268009
    187    -0.322650337411
    188    -0.319479118667
    189    -0.319476033199
    190    -0.319473927042
    191    -0.312614199595
    192    -0.312613612622
    193    -0.312612919735
    194    -0.310496021822
    195    -0.310495143053
    196    -0.310492634314
    197    -0.297888226184
    198    -0.297887154833
    199    -0.297884524103
    200    -0.293162370727
    201    -0.293160642127
    202    -0.293157658101
    203    -0.291622670695
    204    -0.291617814451
    205    -0.291613658631
    206    -0.289907783938
    207    -0.289906967440
    208    -0.289904427198
    209    -0.285219854083
    210    -0.285214815864
    211    -0.285211883056
    212    -0.274364537112
    213    -0.274361106462
    214    -0.274358450299
    215    -0.273872517905
    216    -0.273868961587
    217    -0.273862129483
    218    -0.272787298614
    219    -0.270988582874
    220    -0.270984476284
    221    -0.270982301607
    222    -0.270312616423
    223    -0.270311967970
    224    -0.270310094999
    225    -0.270307881285
    226    -0.270301421419
    227    -0.267122289106
    228    -0.267118388983
    229    -0.267116219236
    230    -0.266442559447
    231    -0.266436080776
    232    -0.265557050720
    233    -0.265554978181
    234    -0.265554901747
    235    -0.264567730352
    236    -0.264396501568
    237    -0.264394797740
    238    -0.264394000836
    239    -0.263765565613
    240    -0.263761589619
    241    -0.263759527262
    242    -0.263544691246
    243    -0.263542971109
    244    -0.263541983709
    245    -0.263496973895
    246    -0.262524227244
    247    -0.262522264888
    248    -0.262519965152
    249    -0.260146727308
    250    -0.260145524580
    251    -0.260144363471
    252    -0.257962274506
    253    -0.256498612934
    254    -0.256498046289
    255    -0.255798957038
    256    -0.255797243404
    257    -0.255796217526
    258    -0.254867532147
    259    -0.254864009554
    260    -0.254861010916
    261    -0.253675469004
    262    -0.253671638705
    263    -0.253665651831
    264    -0.251963380293
    265    -0.251962336151
    266    -0.251961127643
    267    -0.251901218041
    268    -0.251901139680
    269    -0.249400428000
    270    -0.249395319299
    271    -0.241982116152
    272    -0.235596660207
    273    -0.235592738546
    274    -0.235590427797
    275    -0.229394541506
    276    -0.229394291917
    277    -0.225760807357
    278    -0.225757198446
    279    -0.224929355052
    280    -0.224925993801
    281    -0.224923297798
    282    -0.221819775818
    283    -0.221818417168
    284    -0.219698258475
    285    -0.219697902286
    286    -0.219696670975
    287    -0.216746717380
    288    -0.216739665267
    289    -0.216734888394
    290    -0.216379440810
    291    -0.216378896721
    292    -0.216374524150
    293    -0.213939144414
    294    -0.212242629513
    295    -0.211081135032
    296    -0.211078253436
    297    -0.211074781129
    298    -0.209643426780
    299    -0.209639619231
    300    -0.209635942642
    301    -0.208223872369
    302    -0.207057610260
    303    -0.207054389876
    304    -0.207040851036
    305    -0.204344585166
    306    -0.204342749944
    307    -0.203161804595
    308    -0.203158961466
    309    -0.199212952756
    310    -0.199207107020
    311    -0.199202294153
    312    -0.196397407725
    313    -0.196394211998
    314    -0.196392638209
    315    -0.194409166371
    316    -0.194408396270
    317    -0.194407555007
    318    -0.193366096719
    319    -0.193362112353
    320    -0.193357022705
    321    -0.192547585433
    322    -0.192545976038
    323    -0.192384063481
    324    -0.192380933734
    325    -0.192377171774
    326    -0.187975685013
    327    -0.186788041398
    328    -0.186784096278
    329    -0.186779286114
    330    -0.183231496485
    331    -0.183228864868
    332    -0.183227520965
    333    -0.182186410271
    334    -0.182181324242
    335    -0.182177952073
    336    -0.181336219737
    337    -0.180625544755
    338    -0.180622508324
    339    -0.180617516968
    340    -0.179578935194
    341    -0.178896551358
    342    -0.178896046872
    343    -0.178895691468
    344    -0.177253536937
    345    -0.177248416318
    346    -0.177243142406
    347    -0.175946170700
    348    -0.175944728480
    349    -0.175942216558
    350    -0.174324931034
    351    -0.174317955871
    352    -0.174316196365
    353    -0.170872291252
    354    -0.170099997036
    355    -0.170098490936
    356    -0.169917147140
    357    -0.169916353670
    358    -0.169915268497
    359    -0.169783146817
    360    -0.169777208505
    361    -0.169773611873
    362    -0.168761373632
    363    -0.168756198765
    364    -0.168753151769
    365    -0.167762882549
    366    -0.167756630913
    367    -0.167748818119
    368    -0.166742511369
    369    -0.166735895814
    370    -0.166728266614
    371    -0.165849473467
    372    -0.165848097474
    373    -0.165846105255
    374    -0.164014568408
    375    -0.163675844374
    376    -0.163674010911
    377    -0.163644210836
    378    -0.163638563487
    379    -0.163629924981
    380    -0.161813861264
    381    -0.161809546828
    382    -0.161803620683
    383    -0.159382153400
    384    -0.159379946335
    385    -0.159379216268
    386    -0.158616155659
    387    -0.158612224231
    388    -0.158608181784
    389    -0.157357599549
    390    -0.157356471396
    391    -0.157355937120
    392    -0.157234431972
    393    -0.156617870674
    394    -0.156614866009
    395    -0.156610197063
    396    -0.155099019061
    397    -0.155092874944
    398    -0.153937074776
    399    -0.153931192018
    400    -0.153928868633
    401    -0.151771420970
    402    -0.151771057161
    403    -0.151770633734
    404    -0.150729764695
    405    -0.150169873200
    406    -0.150168314761
    407    -0.150166369894
    408    -0.145415437641
    409    -0.145412938166
    410    -0.145410083065
    411    -0.141138284644
    412    -0.141138101570
    413    -0.141133792263
    414    -0.140669331178
    415    -0.140668338740
    416    -0.140664948670
    417    -0.138177471270
    418    -0.138174035827
    419    -0.136288662714
    420    -0.136287881662
    421    -0.136287468672
    422    -0.132423278737
    423    -0.132420736893
    424    -0.132417544169
    425    -0.132124604028
    426    -0.132123882099
    427    -0.132122737030
    428    -0.127834997355
    429    -0.127832950264
    430    -0.127830198445
    431    -0.125457217190
    432    -0.125457047228
    433    -0.125456709860
    434    -0.122285360668
    435    -0.122283422702
    436    -0.113712475194
    437    -0.113712386920
    438    -0.110977175136
    439    -0.105121901744
    440    -0.105119463733
    441    -0.103772281394
    442    -0.103438664727
    443    -0.103436555849
    444    -0.103433800179
    445    -0.103040309450
    446    -0.103037837225
    447    -0.103036278291
    448    -0.090755216060
    449    -0.090754231336
    450    -0.089736762010
    451    -0.089735305020
    452    -0.089730845377
    453    -0.089424114602
    454    -0.089421234629
    455    -0.089419185913
    456    -0.086472654518
    457    -0.086466063290
    458    -0.085064081769
    459    -0.085055904773
    460    -0.084139113038
    461    -0.083355733310
    462    -0.083349898121
    463    -0.083345754228
    464    -0.081246748397
    465    -0.081240924946
    466    -0.081236300956
    467    -0.080815357102
    468    -0.080629798770
    469    -0.078205035245
    470    -0.077603337843
    471    -0.077603035832
    472    -0.076626416140
    473    -0.076617344005
    474    -0.076610304596
    475    -0.076599114883
    476    -0.076595624834
    477    -0.076590853589
    478    -0.072999503718
    479    -0.072993382328
    480    -0.072985936440
    481    -0.070026657973
    482    -0.070016055431
    483    -0.070012482062
    484    -0.065440760891
    485    -0.065439304915
    486    -0.065438539725
    487    -0.062917136121
    488    -0.062914118420
    489    -0.062911328053
    490    -0.061205672919
    491    -0.061200900055
    492    -0.061200410663
    493    -0.059989726155
    494    -0.059984319864
    495    -0.059981082685
    496    -0.057773209131
    497    -0.057770429860
    498    -0.057768889229
    499    -0.051660751230
    500    -0.051659264292
    501    -0.051658342054
    502    -0.043485985140
    503    -0.043479327354
    504    -0.041487479883
    505    -0.041485104393
    506    -0.041482628412
    507    -0.035490070910
    508    -0.032424737413
    509    -0.016295057880
    510    -0.015659952780
    511    -0.015659461863
    512    -0.015659084769
    513    -0.015222394169
    514    -0.015220030926
    515    -0.015217274680
    516    -0.010257708488
    517    -0.010253304068
    518     0.028301168225
    519     0.028302377379
    520     0.028303298686
    521     0.029423351352
    522     0.029423947616
    523     0.029425429555
    524     0.033203204725
    525     0.033205702149
    526     0.033207149209
    527     0.066847297148
    528     0.066852350847
    529     0.097281180829

 WARNING: overriding the number of electrons in FCIDUMP file: 002-HeATOM-M0046.FCIDUMP.
 FCIDUMP file indicates 2 electrons.
 Input file set 2 electrons.

 Memory required for all two body integrals (MB) on each processor: 0
 It is left to the user to ensure that this does not exceed available resources.

 Basis functions
 ---------------

 Spin given in units of 1/2.
 k-points given in terms of the reciprocal lattice vectors of the crystal cell.

 index   k-point            ms       <i|f|i>
     1   (  0,  0,  0)      1       -9.18193628E-01
     2   (  0,  0,  0)     -1       -9.18193628E-01
     3   (  0,  0,  0)      1        4.90939114E-03
     4   (  0,  0,  0)     -1        4.90939114E-03
     5   (  0,  0,  0)      1        8.69660549E-02
     6   (  0,  0,  0)     -1        8.69660549E-02
     7   (  0,  0,  0)      1        8.69660549E-02
     8   (  0,  0,  0)     -1        8.69660549E-02
     9   (  0,  0,  0)      1        8.69660549E-02
    10   (  0,  0,  0)     -1        8.69660549E-02
    11   (  0,  0,  0)      1        8.76080540E-02
    12   (  0,  0,  0)     -1        8.76080540E-02
    13   (  0,  0,  0)      1        8.76080540E-02
    14   (  0,  0,  0)     -1        8.76080540E-02
    15   (  0,  0,  0)      1        1.03692677E-01
    16   (  0,  0,  0)     -1        1.03692677E-01
    17   (  0,  0,  0)      1        1.71727039E-01
    18   (  0,  0,  0)     -1        1.71727039E-01
    19   (  0,  0,  0)      1        1.71727039E-01
    20   (  0,  0,  0)     -1        1.71727039E-01
    21   (  0,  0,  0)      1        1.71727039E-01
    22   (  0,  0,  0)     -1        1.71727039E-01
    23   (  0,  0,  0)      1        1.73918267E-01
    24   (  0,  0,  0)     -1        1.73918267E-01
    25   (  0,  0,  0)      1        1.73918267E-01
    26   (  0,  0,  0)     -1        1.73918267E-01
    27   (  0,  0,  0)      1        1.73918267E-01
    28   (  0,  0,  0)     -1        1.73918267E-01
    29   (  0,  0,  0)      1        1.73959880E-01
    30   (  0,  0,  0)     -1        1.73959880E-01
    31   (  0,  0,  0)      1        1.73959880E-01
    32   (  0,  0,  0)     -1        1.73959880E-01
    33   (  0,  0,  0)      1        1.73998053E-01
    34   (  0,  0,  0)     -1        1.73998053E-01
    35   (  0,  0,  0)      1        1.73998053E-01
    36   (  0,  0,  0)     -1        1.73998053E-01
    37   (  0,  0,  0)      1        1.73998053E-01
    38   (  0,  0,  0)     -1        1.73998053E-01
    39   (  0,  0,  0)      1        2.06904685E-01
    40   (  0,  0,  0)     -1        2.06904685E-01
    41   (  0,  0,  0)      1        2.58404647E-01
    42   (  0,  0,  0)     -1        2.58404647E-01
    43   (  0,  0,  0)      1        2.58404647E-01
    44   (  0,  0,  0)     -1        2.58404647E-01
    45   (  0,  0,  0)      1        2.58404648E-01
    46   (  0,  0,  0)     -1        2.58404648E-01

 E_core =    0.000000000000
 Number of electrons: 2
 Number of basis functions: 46

 Bit-length of integers used to store determinant bit-strings: 64
 Number of integers used to store determinant bit-strings: 1

 Symmetry information
 --------------------

 The table below gives the label and inverse of each wavevector.

 Index    k-point         Inverse
   1      (  0,  0,  0)        1

 The matrix below gives the result of k_i+k_j to within a reciprocal lattice vector.

  1

 FCI
 ---

 -- Start JSON block --
 {
     "system": {
         "nbasis": 46,   
         "nel": 2,   
         "nvirt": 44,   
         "Ms": 2,   
         "nalpha": 2,   
         "nbeta": 0,   
         "nvirt_alpha": 21,   
         "nvirt_beta": 23,   
         "nsym": 1,   
         "sym0": 1,   
         "sym_max": 1,   
         "nsym_tot": 1,   
         "sym0_tot": 1,   
         "sym_max_tot": 1,   
         "symmetry": 1,   
         "tot_sym": false,   
         "aufbau_sym": true,   
         "max_number_excitations": 2,   
         "read_in": {
             "int_file":  "002-HeATOM-M0046.FCIDUMP",   
             "uhf": false,   
             "Ecore": 0.00000000E+000,   
             "CAS": [ -1, -1],
             "useLz": false,   
             "complex": true    
         }
     },
     "fci_in": {
         "write_hamiltonian": false,   
         "hamiltonian_file":  "HAMIL",   
         "write_determinants": false,   
         "determinant_file":  "DETS",   
         "print_fci_wfn": 0,   
         "print_fci_wfn_file":  "FCI_WFN",   
         "analyse_fci_wfn": 0,   
         "block_size": 64,   
         "ndavidson_eigv": 4,   
         "ndavidson_trialvec": 8,   
         "davidson_maxsize": 50,   
         "davidson_tol": 1.00000001E-007,   
         "hamiltonian_diagonal_only": false,   
     },
     "reference": {
         "ex_level": 2    
     }
 }
 -- End JSON block --

 The table below gives the number of determinants for each symmetry with Ms=2.

 Symmetry index      # dets
         1              253

 Performing exact diagonalisation...

 LAPACK diagonalisation results
 ^^^^^^^^^^^^^^^^^^^^^^^^^^^^^^

  State     Energy
      1    -2.136505750471
      2    -2.069239929948
      3    -2.069239358751
      4    -2.069238794104
      5    -2.038363415743
      6    -2.038363407758
      7    -2.035965166985
      8    -1.975567216644
      9    -1.975566632500
     10    -1.975566044412
     11    -1.957149683056
     12    -1.957149677579
     13    -1.957149676717
     14    -1.948194468991
     15    -1.948194467597
     16    -1.948194465386
     17    -1.947156487123
     18    -1.947156486176
     19    -1.925096197864
     20    -1.868709002128
     21    -1.868708991743
     22    -1.868708985022
     23    -0.582072508940
     24    -0.582072380614
     25    -0.582072090294
     26    -0.518267333844
     27    -0.518265364327
     28    -0.518262217515
     29    -0.501538546100
     30    -0.501538311767
     31    -0.498106921065
     32    -0.451309579660
     33    -0.451307683093
     34    -0.451306237492
     35    -0.449023421934
     36    -0.449021583640
     37    -0.449019023561
     38    -0.435263673491
     39    -0.435261588547
     40    -0.435259127085
     41    -0.431320374056
     42    -0.431319689121
     43    -0.431319026471
     44    -0.415187212334
     45    -0.415186825018
     46    -0.415186704637
     47    -0.397291945815
     48    -0.397291289533
     49    -0.395468648163
     50    -0.395468100057
     51    -0.395467756656
     52    -0.387356173121
     53    -0.387352772576
     54    -0.384614722063
     55    -0.382489331456
     56    -0.382483085902
     57    -0.382481138204
     58    -0.381950781202
     59    -0.381945494806
     60    -0.381944147051
     61    -0.373444999880
     62    -0.372378039754
     63    -0.372373673405
     64    -0.372373011784
     65    -0.370875318413
     66    -0.370619511125
     67    -0.364076883007
     68    -0.364074344489
     69    -0.364070515189
     70    -0.357474063718
     71    -0.357470542439
     72    -0.356979331745
     73    -0.356978662987
     74    -0.346892387655
     75    -0.346857310487
     76    -0.346855375361
     77    -0.346850455503
     78    -0.345760406814
     79    -0.345754464682
     80    -0.344281707836
     81    -0.344277480821
     82    -0.344273889041
     83    -0.343025277842
     84    -0.343016389848
     85    -0.343015125778
     86    -0.341469226785
     87    -0.341467870015
     88    -0.341461064817
     89    -0.327328460798
     90    -0.327327934346
     91    -0.327327007564
     92    -0.312614199595
     93    -0.312613612622
     94    -0.312612919735
     95    -0.297888226184
     96    -0.297887154833
     97    -0.297884524103
     98    -0.293162370727
     99    -0.293160642127
    100    -0.293157658101
    101    -0.289907783938
    102    -0.289906967440
    103    -0.289904427198
    104    -0.274364537112
    105    -0.274361106462
    106    -0.274358450299
    107    -0.273872517905
    108    -0.273868961587
    109    -0.273862129483
    110    -0.272787298614
    111    -0.270312616423
    112    -0.270310094999
    113    -0.265557050720
    114    -0.265554978181
    115    -0.265554901747
    116    -0.263765565613
    117    -0.263761589619
    118    -0.263759527262
    119    -0.263544691246
    120    -0.263542971109
    121    -0.263541983709
    122    -0.263496973895
    123    -0.262524227244
    124    -0.262522264888
    125    -0.262519965152
    126    -0.260146727308
    127    -0.260145524580
    128    -0.260144363471
    129    -0.257962274506
    130    -0.256498612934
    131    -0.256498046289
    132    -0.251963380293
    133    -0.251962336151
    134    -0.251961127643
    135    -0.251901218041
    136    -0.251901139680
    137    -0.229394541506
    138    -0.229394291917
    139    -0.224929355052
    140    -0.224925993801
    141    -0.224923297798
    142    -0.216379440810
    143    -0.216378896721
    144    -0.216374524150
    145    -0.213939144414
    146    -0.212242629513
    147    -0.209643426780
    148    -0.209639619231
    149    -0.209635942642
    150    -0.207040851036
    151    -0.204344585166
    152    -0.204342749944
    153    -0.203161804595
    154    -0.203158961466
    155    -0.196397407725
    156    -0.196394211998
    157    -0.196392638209
    158    -0.194409166371
    159    -0.194408396270
    160    -0.194407555007
    161    -0.186788041398
    162    -0.186784096278
    163    -0.186779286114
    164    -0.182186410271
    165    -0.182181324242
    166    -0.182177952073
    167    -0.180625544755
    168    -0.180622508324
    169    -0.180617516968
    170    -0.179578935194
    171    -0.178896551358
    172    -0.178896046872
    173    -0.178895691468
    174    -0.177253536937
    175    -0.177248416318
    176    -0.177243142406
    177    -0.170099997036
    178    -0.170098490936
    179    -0.169917147140
    180    -0.169916353670
    181    -0.169915268497
    182    -0.169783146817
    183    -0.169777208505
    184    -0.169773611873
    185    -0.167762882549
    186    -0.167756630913
    187    -0.167748818119
    188    -0.166742511369
    189    -0.166735895814
    190    -0.166728266614
    191    -0.159382153400
    192    -0.159379946335
    193    -0.159379216268
    194    -0.157357599549
    195    -0.157356471396
    196    -0.157355937120
    197    -0.151771420970
    198    -0.151771057161
    199    -0.151770633734
    200    -0.150729764695
    201    -0.150169873200
    202    -0.150168314761
    203    -0.150166369894
    204    -0.141138284644
    205    -0.141138101570
    206    -0.141133792263
    207    -0.132124604028
    208    -0.132123882099
    209    -0.132122737030
    210    -0.125457217190
    211    -0.125457047228
    212    -0.125456709860
    213    -0.113712475194
    214    -0.113712386920
    215    -0.105121901744
    216    -0.105119463733
    217    -0.103772281394
    218    -0.103438664727
    219    -0.103436555849
    220    -0.103433800179
    221    -0.089424114602
    222    -0.089421234629
    223    -0.089419185913
    224    -0.086472654518
    225    -0.086466063290
    226    -0.084139113038
    227    -0.083355733310
    228    -0.083349898121
    229    -0.083345754228
    230    -0.081246748397
    231    -0.081240924946
    232    -0.081236300956
    233    -0.078205035245
    234    -0.077603337843
    235    -0.077603035832
    236    -0.065440760891
    237    -0.065439304915
    238    -0.065438539725
    239    -0.062917136121
    240    -0.062914118420
    241    -0.062911328053
    242    -0.061205672919
    243    -0.061200900055
    244    -0.061200410663
    245    -0.059989726155
    246    -0.059984319864
    247    -0.059981082685
    248    -0.015659952780
    249    -0.015659461863
    250    -0.015659084769
    251     0.029423351352
    252     0.029423947616
    253     0.029425429555

 Timing breakdown
 ----------------

 Wall time for each calculation section (seconds):

 Generic system initialisation: .21
 FCI calculation              : .01
 Generic system initialisation: .21
 FCI calculation              : .07
 Generic system initialisation: .21
 FCI calculation              : .01

 ================================================================
 Finished running on 27/03/2024 at 14:33:29
 Wall time (seconds):                               0.72
 CPU time (per processor, seconds):                 0.72
 ================================================================

