
   HANDE

 ================================================================
Version information
-------------------
Version       | v1.6-6-g22d1826
Commit hash   | 22d1826c7080cbc9595b5bab6336d80872aef478
Commit author | Andreea Filip
Commit date   | Tue Jun 21 10:42:36 2022 +0100
Branch        | main

Configuration and build information
-----------------------------------
Who compiled             | vanbenschoten
Compilation hostname     | argon-login-2.hpc
Operating system         | Linux-3.10.0-1160.62.1.el7.x86_64
CMake version            | 3.20.0
CMake generator          | Unix Makefiles
Build type               | release
Configuration time       | 2022-06-27 00:17:20 [UTC]
Python version           | 3.8.8
Fortran compiler         | /usr/share/apps/2021.1/arch/intel-2021.2.0/openmpi-4.0.5/bin/mpif90
C compiler               | /usr/share/apps/2021.1/arch/intel-2021.2.0/openmpi-4.0.5/bin/mpicc
DET_SIZE set to          | 64
POP_SIZE set to          | 64
dSFMT Mersenne exponent  | 19937
MPI parallelization      | ON
MPI launcher             | /usr/share/apps/2021.1/arch/intel-2021.2.0/openmpi-4.0.5/bin/mpiexec
OpenMP parallelization   | ON
Lua version              | 5.3.5
HDF5 library version     | 1.10.7

Further components
------------------
DISABLE_HDF5 not defined.  HDF5 enabled.
DISABLE_UUID not defined.  UUID enabled.
PARALLEL defined.  MPI parallelization enabled.
DISABLE_MPI3 not defined.  MPI-3 functionality enabled.
PARALLEL defined. DISABLE_MPI3 and ENABLE_SHMEM_POSIX not defined. MPI-3 in use.
DISABLE_SCALAPACK not defined.  ScaLAPACK enabled.
SINGLE_PRECISION not defined.  Double precision used throughout.
USE_POPCNT not defined. Internal POPCNT procedure used.

Runtime information
-------------------
Hostname:
    argon-lc-i18-30.hpc
Current working dir:
    /Shared/informatics_vasp_jshepherd/Users/vanbenschoten/he_atom_pbc/8x8x8/0002-HeATOM-M0046
Started running on 28/03/2024 at 12:53:12
 Calculation UUID: 5a2a40cf-7d70-44ea-92d3-e08a267073f6.
 ================================================================

 Input options
 -------------

for nalpha = 0, 2, 1 do
    nbeta = 2 - nalpha
    ims = nalpha - nbeta
    fci {
        sys = read_in {
            int_file = 'FCIDUMP',
            complex = true,
            electrons = 2,
            ms = ims,
        },
    }
end

 -------------

 WARNING: overriding the number of electrons in FCIDUMP file: FCIDUMP.
 FCIDUMP file indicates 2 electrons.
 Input file set 2 electrons.

 Memory required for all two body integrals (MB) on each processor: 0
 It is left to the user to ensure that this does not exceed available resources.

 Basis functions
 ---------------

 Spin given in units of 1/2.
 k-points given in terms of the reciprocal lattice vectors of the crystal cell.

 index   k-point            ms       <i|f|i>
     1   (  0,  0,  0)      1       -9.58944211E-01
     2   (  0,  0,  0)     -1       -9.58944211E-01
     3   (  0,  0,  0)      1        1.43796954E-01
     4   (  0,  0,  0)     -1        1.43796954E-01
     5   (  0,  0,  0)      1        5.98489342E-01
     6   (  0,  0,  0)     -1        5.98489342E-01
     7   (  0,  0,  0)      1        5.98489342E-01
     8   (  0,  0,  0)     -1        5.98489342E-01
     9   (  0,  0,  0)      1        5.98489342E-01
    10   (  0,  0,  0)     -1        5.98489342E-01
    11   (  0,  0,  0)      1        6.28849901E-01
    12   (  0,  0,  0)     -1        6.28849901E-01
    13   (  0,  0,  0)      1        6.28849901E-01
    14   (  0,  0,  0)     -1        6.28849901E-01
    15   (  0,  0,  0)      1        8.97501153E-01
    16   (  0,  0,  0)     -1        8.97501153E-01
    17   (  0,  0,  0)      1        1.17671285E+00
    18   (  0,  0,  0)     -1        1.17671285E+00
    19   (  0,  0,  0)      1        1.17671285E+00
    20   (  0,  0,  0)     -1        1.17671285E+00
    21   (  0,  0,  0)      1        1.17671285E+00
    22   (  0,  0,  0)     -1        1.17671285E+00
    23   (  0,  0,  0)      1        1.23686490E+00
    24   (  0,  0,  0)     -1        1.23686490E+00
    25   (  0,  0,  0)      1        1.23686490E+00
    26   (  0,  0,  0)     -1        1.23686490E+00
    27   (  0,  0,  0)      1        1.23686490E+00
    28   (  0,  0,  0)     -1        1.23686490E+00
    29   (  0,  0,  0)      1        1.24474849E+00
    30   (  0,  0,  0)     -1        1.24474849E+00
    31   (  0,  0,  0)      1        1.24474849E+00
    32   (  0,  0,  0)     -1        1.24474849E+00
    33   (  0,  0,  0)      1        1.24908529E+00
    34   (  0,  0,  0)     -1        1.24908529E+00
    35   (  0,  0,  0)      1        1.24908529E+00
    36   (  0,  0,  0)     -1        1.24908529E+00
    37   (  0,  0,  0)      1        1.24908529E+00
    38   (  0,  0,  0)     -1        1.24908529E+00
    39   (  0,  0,  0)      1        1.67460094E+00
    40   (  0,  0,  0)     -1        1.67460094E+00
    41   (  0,  0,  0)      1        1.82004460E+00
    42   (  0,  0,  0)     -1        1.82004460E+00
    43   (  0,  0,  0)      1        1.82004460E+00
    44   (  0,  0,  0)     -1        1.82004460E+00
    45   (  0,  0,  0)      1        1.82004460E+00
    46   (  0,  0,  0)     -1        1.82004460E+00

 E_core =    0.000000000000
 Number of electrons: 2
 Number of basis functions: 46

 Bit-length of integers used to store determinant bit-strings: 64
 Number of integers used to store determinant bit-strings: 1

 Symmetry information
 --------------------

 The table below gives the label and inverse of each wavevector.

 Index    k-point         Inverse
   1      (  0,  0,  0)        1

 The matrix below gives the result of k_i+k_j to within a reciprocal lattice vector.

  1

 FCI
 ---

 -- Start JSON block --
 {
     "system": {
         "nbasis": 46,   
         "nel": 2,   
         "nvirt": 44,   
         "Ms": -2,   
         "nalpha": 0,   
         "nbeta": 2,   
         "nvirt_alpha": 23,   
         "nvirt_beta": 21,   
         "nsym": 1,   
         "sym0": 1,   
         "sym_max": 1,   
         "nsym_tot": 1,   
         "sym0_tot": 1,   
         "sym_max_tot": 1,   
         "symmetry": 1,   
         "tot_sym": false,   
         "aufbau_sym": true,   
         "max_number_excitations": 2,   
         "read_in": {
             "int_file":  "FCIDUMP",   
             "uhf": false,   
             "Ecore": 0.00000000,   
             "CAS": [ -1, -1],
             "useLz": false,   
             "complex": true    
         }
     },
     "fci_in": {
         "write_hamiltonian": false,   
         "hamiltonian_file":  "HAMIL",   
         "write_determinants": false,   
         "determinant_file":  "DETS",   
         "print_fci_wfn": 0,   
         "print_fci_wfn_file":  "FCI_WFN",   
         "analyse_fci_wfn": 0,   
         "block_size": 64,   
         "ndavidson_eigv": 4,   
         "ndavidson_trialvec": 8,   
         "davidson_maxsize": 50,   
         "davidson_tol": 0.00000010,   
         "hamiltonian_diagonal_only": false,   
     },
     "reference": {
         "ex_level": 2    
     }
 }
 -- End JSON block --

 The table below gives the number of determinants for each symmetry with Ms=-2.

 Symmetry index      # dets
         1              253

 Performing exact diagonalisation...

 LAPACK diagonalisation results
 ^^^^^^^^^^^^^^^^^^^^^^^^^^^^^^

  State     Energy
      1    -2.365179840841
      2    -1.933027254577
      3    -1.933027253397
      4    -1.933027249965
      5    -1.853781962268
      6    -1.853781960236
      7    -1.607094602279
      8    -1.365107901005
      9    -1.365107899339
     10    -1.365107897807
     11    -1.264512212638
     12    -1.264512193689
     13    -1.264512170263
     14    -1.235550988001
     15    -1.235550987750
     16    -1.231456611880
     17    -1.231456599826
     18    -1.231456581044
     19    -0.825993450466
     20    -0.825993444487
     21    -0.825993439401
     22    -0.818365448709
     23    -0.701473362936
     24    -0.701473362635
     25    -0.679142963247
     26    -0.679142951888
     27    -0.679142943800
     28    -0.434020647952
     29    -0.434020636613
     30    -0.434020633419
     31    -0.430405769728
     32    -0.309649798141
     33    -0.309649755435
     34    -0.309649711269
     35    -0.298178717490
     36    -0.298178712843
     37    -0.298178707399
     38    -0.211613284196
     39    -0.211613265942
     40    -0.211613251341
     41    -0.172938378390
     42    -0.092834372219
     43    -0.092834362355
     44    -0.092834345147
     45    -0.054383996082
     46    -0.054383980272
     47    -0.054383962326
     48    -0.038850689654
     49    -0.038850687615
     50    -0.038712918712
     51    -0.038712909642
     52    -0.038712905951
     53     0.085423711782
     54     0.085423712127
     55     0.122159073755
     56     0.122159074484
     57     0.136925128613
     58     0.145512297727
     59     0.145512334693
     60     0.145512350212
     61     0.179870337720
     62     0.179870447443
     63     0.179870480441
     64     0.230586473785
     65     0.237625210112
     66     0.237625318882
     67     0.237625387064
     68     0.256534743752
     69     0.256534878741
     70     0.256535070827
     71     0.277395964757
     72     0.277396090858
     73     0.277396178303
     74     0.292288363099
     75     0.292288389909
     76     0.292288407317
     77     0.297436538894
     78     0.300944523396
     79     0.300944592697
     80     0.310778573802
     81     0.310778574978
     82     0.316025563893
     83     0.316025568746
     84     0.316025582520
     85     0.324459368789
     86     0.324459451297
     87     0.324459490499
     88     0.333077889507
     89     0.333077906963
     90     0.333077910849
     91     0.342242321727
     92     0.342242325946
     93     0.342242330761
     94     0.379005717777
     95     0.431677420739
     96     0.431677444037
     97     0.431677457752
     98     0.432895243328
     99     0.432895300208
    100     0.432895449463
    101     0.434413319476
    102     0.442428480959
    103     0.442428767679
    104     0.442428834452
    105     0.448488595912
    106     0.463317636728
    107     0.463317636915
    108     0.476560540563
    109     0.476560869662
    110     0.476561085036
    111     0.530581789376
    112     0.530582271359
    113     0.530582711394
    114     0.566857783149
    115     0.566858288495
    116     0.566858805259
    117     0.681526629357
    118     0.681526638239
    119     0.681526660923
    120     0.719674142526
    121     0.719674145851
    122     0.734854678931
    123     0.734854752676
    124     0.734854759033
    125     0.746383149332
    126     0.746383196522
    127     0.746383237566
    128     0.761375878419
    129     0.761375887626
    130     0.761375899817
    131     0.867250492244
    132     0.867251184002
    133     0.867251491729
    134     0.868246617670
    135     0.868246752452
    136     0.868246872070
    137     0.869153700221
    138     0.869153705470
    139     0.872535484351
    140     0.881932331722
    141     0.881932821735
    142     0.883233571316
    143     0.883234022815
    144     0.883234411430
    145     0.886102901559
    146     0.886103217559
    147     0.886103936780
    148     0.890818782640
    149     0.893004300158
    150     0.893004311058
    151     0.914934394835
    152     0.919946324318
    153     0.919946328858
    154     0.933360027093
    155     0.933360090669
    156     0.933360118562
    157     0.935964834489
    158     0.935964838908
    159     0.935964873601
    160     0.942609070677
    161     0.942609137532
    162     0.942609188669
    163     0.947605167315
    164     0.947605296607
    165     0.947605459668
    166     0.987218598595
    167     0.987218620261
    168     0.987218640674
    169     1.019586375967
    170     1.019586454070
    171     1.019586478616
    172     1.023526752919
    173     1.023526757402
    174     1.023526768368
    175     1.039716017948
    176     1.040810313351
    177     1.040810315436
    178     1.040810317190
    179     1.058682497476
    180     1.058682555097
    181     1.058682581633
    182     1.058871250876
    183     1.058871592909
    184     1.058871778939
    185     1.060459364086
    186     1.060459371667
    187     1.060459378900
    188     1.064797512231
    189     1.064797515563
    190     1.097503468798
    191     1.099173870851
    192     1.099173968028
    193     1.099174338038
    194     1.113253579709
    195     1.113253785964
    196     1.113253951663
    197     1.137862523343
    198     1.137862596431
    199     1.137862880042
    200     1.157748586485
    201     1.293352214524
    202     1.293352256192
    203     1.293352303164
    204     1.389693520690
    205     1.389693864168
    206     1.389694138242
    207     1.467425273297
    208     1.467425274323
    209     1.469649359764
    210     1.473734034563
    211     1.473734207570
    212     1.473734425195
    213     1.490713177106
    214     1.490713220749
    215     1.490713306004
    216     1.516867341492
    217     1.516867350298
    218     1.520743026367
    219     1.520743424044
    220     1.520743715141
    221     1.531744641098
    222     1.531744747731
    223     1.531744969544
    224     1.608305162223
    225     1.608305724614
    226     1.612240560569
    227     1.612913103646
    228     1.612913421543
    229     1.612914226318
    230     1.616109768581
    231     1.616110707317
    232     1.616111008290
    233     1.629602343060
    234     1.630061367966
    235     1.630061375000
    236     1.652225573617
    237     1.652225576802
    238     1.652225582842
    239     1.653325204278
    240     1.653325334920
    241     1.653325417890
    242     1.680504780131
    243     1.680504854502
    244     1.680504941527
    245     1.688744054356
    246     1.688744180665
    247     1.688744272693
    248     2.119576443273
    249     2.119576738695
    250     2.119577112180
    251     2.232942593346
    252     2.232942688097
    253     2.232942753361

 Memory required for all two body integrals (MB) on each processor: 0
 It is left to the user to ensure that this does not exceed available resources.

 Basis functions
 ---------------

 Spin given in units of 1/2.
 k-points given in terms of the reciprocal lattice vectors of the crystal cell.

 index   k-point            ms       <i|f|i>
     1   (  0,  0,  0)      1       -9.58944211E-01
     2   (  0,  0,  0)     -1       -9.58944211E-01
     3   (  0,  0,  0)      1        1.43796954E-01
     4   (  0,  0,  0)     -1        1.43796954E-01
     5   (  0,  0,  0)      1        5.98489342E-01
     6   (  0,  0,  0)     -1        5.98489342E-01
     7   (  0,  0,  0)      1        5.98489342E-01
     8   (  0,  0,  0)     -1        5.98489342E-01
     9   (  0,  0,  0)      1        5.98489342E-01
    10   (  0,  0,  0)     -1        5.98489342E-01
    11   (  0,  0,  0)      1        6.28849901E-01
    12   (  0,  0,  0)     -1        6.28849901E-01
    13   (  0,  0,  0)      1        6.28849901E-01
    14   (  0,  0,  0)     -1        6.28849901E-01
    15   (  0,  0,  0)      1        8.97501153E-01
    16   (  0,  0,  0)     -1        8.97501153E-01
    17   (  0,  0,  0)      1        1.17671285E+00
    18   (  0,  0,  0)     -1        1.17671285E+00
    19   (  0,  0,  0)      1        1.17671285E+00
    20   (  0,  0,  0)     -1        1.17671285E+00
    21   (  0,  0,  0)      1        1.17671285E+00
    22   (  0,  0,  0)     -1        1.17671285E+00
    23   (  0,  0,  0)      1        1.23686490E+00
    24   (  0,  0,  0)     -1        1.23686490E+00
    25   (  0,  0,  0)      1        1.23686490E+00
    26   (  0,  0,  0)     -1        1.23686490E+00
    27   (  0,  0,  0)      1        1.23686490E+00
    28   (  0,  0,  0)     -1        1.23686490E+00
    29   (  0,  0,  0)      1        1.24474849E+00
    30   (  0,  0,  0)     -1        1.24474849E+00
    31   (  0,  0,  0)      1        1.24474849E+00
    32   (  0,  0,  0)     -1        1.24474849E+00
    33   (  0,  0,  0)      1        1.24908529E+00
    34   (  0,  0,  0)     -1        1.24908529E+00
    35   (  0,  0,  0)      1        1.24908529E+00
    36   (  0,  0,  0)     -1        1.24908529E+00
    37   (  0,  0,  0)      1        1.24908529E+00
    38   (  0,  0,  0)     -1        1.24908529E+00
    39   (  0,  0,  0)      1        1.67460094E+00
    40   (  0,  0,  0)     -1        1.67460094E+00
    41   (  0,  0,  0)      1        1.82004460E+00
    42   (  0,  0,  0)     -1        1.82004460E+00
    43   (  0,  0,  0)      1        1.82004460E+00
    44   (  0,  0,  0)     -1        1.82004460E+00
    45   (  0,  0,  0)      1        1.82004460E+00
    46   (  0,  0,  0)     -1        1.82004460E+00

 E_core =    0.000000000000
 Number of electrons: 2
 Number of basis functions: 46

 Bit-length of integers used to store determinant bit-strings: 64
 Number of integers used to store determinant bit-strings: 1

 Symmetry information
 --------------------

 The table below gives the label and inverse of each wavevector.

 Index    k-point         Inverse
   1      (  0,  0,  0)        1

 The matrix below gives the result of k_i+k_j to within a reciprocal lattice vector.

  1

 FCI
 ---

 -- Start JSON block --
 {
     "system": {
         "nbasis": 46,   
         "nel": 2,   
         "nvirt": 44,   
         "Ms": 0,   
         "nalpha": 1,   
         "nbeta": 1,   
         "nvirt_alpha": 22,   
         "nvirt_beta": 22,   
         "nsym": 1,   
         "sym0": 1,   
         "sym_max": 1,   
         "nsym_tot": 1,   
         "sym0_tot": 1,   
         "sym_max_tot": 1,   
         "symmetry": 1,   
         "tot_sym": false,   
         "aufbau_sym": true,   
         "max_number_excitations": 2,   
         "read_in": {
             "int_file":  "FCIDUMP",   
             "uhf": false,   
             "Ecore": 0.00000000,   
             "CAS": [ -1, -1],
             "useLz": false,   
             "complex": true    
         }
     },
     "fci_in": {
         "write_hamiltonian": false,   
         "hamiltonian_file":  "HAMIL",   
         "write_determinants": false,   
         "determinant_file":  "DETS",   
         "print_fci_wfn": 0,   
         "print_fci_wfn_file":  "FCI_WFN",   
         "analyse_fci_wfn": 0,   
         "block_size": 64,   
         "ndavidson_eigv": 4,   
         "ndavidson_trialvec": 8,   
         "davidson_maxsize": 50,   
         "davidson_tol": 0.00000010,   
         "hamiltonian_diagonal_only": false,   
     },
     "reference": {
         "ex_level": 2    
     }
 }
 -- End JSON block --

 The table below gives the number of determinants for each symmetry with Ms=0.

 Symmetry index      # dets
         1              529

 Performing exact diagonalisation...

 LAPACK diagonalisation results
 ^^^^^^^^^^^^^^^^^^^^^^^^^^^^^^

  State     Energy
      1    -2.933961065561
      2    -2.365179840841
      3    -2.264909199114
      4    -1.933027254577
      5    -1.933027253397
      6    -1.933027249965
      7    -1.882894569498
      8    -1.882894568145
      9    -1.882894564917
     10    -1.853781962268
     11    -1.853781960236
     12    -1.849150192613
     13    -1.849150191745
     14    -1.607094602279
     15    -1.531720633432
     16    -1.365107901005
     17    -1.365107899339
     18    -1.365107897807
     19    -1.303016013045
     20    -1.303016010313
     21    -1.303016008122
     22    -1.264512212638
     23    -1.264512193689
     24    -1.264512170263
     25    -1.258628551343
     26    -1.258628516757
     27    -1.258628487494
     28    -1.235550988001
     29    -1.235550987750
     30    -1.232616100765
     31    -1.232616098894
     32    -1.231456611880
     33    -1.231456599826
     34    -1.231456581044
     35    -1.230052094033
     36    -1.230052085791
     37    -1.230052072770
     38    -1.156018145967
     39    -0.825993450466
     40    -0.825993444487
     41    -0.825993439401
     42    -0.818365448709
     43    -0.769122603485
     44    -0.769122558702
     45    -0.769122490603
     46    -0.768194936678
     47    -0.701473362936
     48    -0.701473362635
     49    -0.679142963247
     50    -0.679142951888
     51    -0.679142943800
     52    -0.650875132175
     53    -0.650875050052
     54    -0.650874995168
     55    -0.604560484831
     56    -0.604560479477
     57    -0.434020647952
     58    -0.434020636613
     59    -0.434020633419
     60    -0.430405769728
     61    -0.412587823544
     62    -0.412587822116
     63    -0.398670292034
     64    -0.398670173957
     65    -0.398670083494
     66    -0.367096880637
     67    -0.330448965586
     68    -0.309649798141
     69    -0.309649755435
     70    -0.309649711269
     71    -0.300477517722
     72    -0.300477416033
     73    -0.300477329095
     74    -0.298178717490
     75    -0.298178712843
     76    -0.298178707399
     77    -0.280421538046
     78    -0.280421524300
     79    -0.280421514382
     80    -0.211613284196
     81    -0.211613265942
     82    -0.211613251341
     83    -0.172938378390
     84    -0.170682398904
     85    -0.170682394419
     86    -0.169316504017
     87    -0.169316483761
     88    -0.169316470013
     89    -0.092834372219
     90    -0.092834362355
     91    -0.092834345147
     92    -0.089257110096
     93    -0.054383996082
     94    -0.054383980272
     95    -0.054383962326
     96    -0.038850689654
     97    -0.038850687615
     98    -0.038712918712
     99    -0.038712909642
    100    -0.038712905951
    101    -0.037140391996
    102    -0.037140245851
    103    -0.037140129885
    104    -0.007026657255
    105    -0.007026649615
    106    -0.007026641871
    107     0.002018417981
    108     0.002018431060
    109     0.019054907722
    110     0.019054957164
    111     0.019055071471
    112     0.085423711782
    113     0.085423712127
    114     0.122159073755
    115     0.122159074484
    116     0.135157869234
    117     0.135157912763
    118     0.135158018905
    119     0.136925128613
    120     0.145512297727
    121     0.145512334693
    122     0.145512350212
    123     0.156470347587
    124     0.156470358754
    125     0.179870337720
    126     0.179870447443
    127     0.179870480441
    128     0.222975218006
    129     0.222975254571
    130     0.222975326263
    131     0.230586473785
    132     0.235143543900
    133     0.235143563236
    134     0.236168458056
    135     0.236168511686
    136     0.237625210112
    137     0.237625318882
    138     0.237625387064
    139     0.256534743752
    140     0.256534878741
    141     0.256535070827
    142     0.277395964757
    143     0.277396090858
    144     0.277396178303
    145     0.282569858312
    146     0.282569934550
    147     0.282570030943
    148     0.290013622846
    149     0.292288363099
    150     0.292288389909
    151     0.292288407317
    152     0.297436538894
    153     0.300944523396
    154     0.300944592697
    155     0.310778573802
    156     0.310778574978
    157     0.313044021677
    158     0.313044159654
    159     0.313044551016
    160     0.313612340327
    161     0.313612348355
    162     0.313612374300
    163     0.315899667865
    164     0.315899895819
    165     0.315900302434
    166     0.316025563893
    167     0.316025568746
    168     0.316025582520
    169     0.324459368789
    170     0.324459451297
    171     0.324459490499
    172     0.329432595452
    173     0.329432639306
    174     0.329432658058
    175     0.333077889507
    176     0.333077906963
    177     0.333077910849
    178     0.340598215177
    179     0.340650566283
    180     0.340650660170
    181     0.340650898544
    182     0.342242321727
    183     0.342242325946
    184     0.342242330761
    185     0.360897525437
    186     0.376665033136
    187     0.376665385386
    188     0.376665776039
    189     0.379005717777
    190     0.401629398214
    191     0.401629404981
    192     0.407507390794
    193     0.407507743452
    194     0.407508222235
    195     0.431677420739
    196     0.431677444037
    197     0.431677457752
    198     0.432895243328
    199     0.432895300208
    200     0.432895449463
    201     0.434413319476
    202     0.442428480959
    203     0.442428767679
    204     0.442428834452
    205     0.448488595912
    206     0.450802115363
    207     0.453176093661
    208     0.454208309576
    209     0.454208376343
    210     0.454208404460
    211     0.463317636728
    212     0.463317636915
    213     0.476560540563
    214     0.476560869662
    215     0.476561085036
    216     0.489731121731
    217     0.489731938201
    218     0.489732631252
    219     0.492957616450
    220     0.492957771067
    221     0.492958383548
    222     0.501792165489
    223     0.501792281955
    224     0.501792388315
    225     0.507779758302
    226     0.530581789376
    227     0.530582271359
    228     0.530582711394
    229     0.530723608744
    230     0.530723620280
    231     0.566857783149
    232     0.566858288495
    233     0.566858805259
    234     0.606052322398
    235     0.606054304856
    236     0.606056044648
    237     0.681526629357
    238     0.681526638239
    239     0.681526660923
    240     0.682628107633
    241     0.682628864575
    242     0.682629581602
    243     0.686863242364
    244     0.691311776025
    245     0.691311890373
    246     0.691311962524
    247     0.719674142526
    248     0.719674145851
    249     0.734854678931
    250     0.734854752676
    251     0.734854759033
    252     0.739759590265
    253     0.739759614751
    254     0.739759694620
    255     0.746383149332
    256     0.746383196522
    257     0.746383237566
    258     0.761375878419
    259     0.761375887626
    260     0.761375899817
    261     0.765059008969
    262     0.765059100365
    263     0.787648482657
    264     0.787648605919
    265     0.787648846466
    266     0.788215399500
    267     0.788215427589
    268     0.789728091539
    269     0.795622548696
    270     0.795622843156
    271     0.795623087206
    272     0.861987730831
    273     0.861987853681
    274     0.861987995233
    275     0.867250492244
    276     0.867251184002
    277     0.867251491729
    278     0.868246617670
    279     0.868246752452
    280     0.868246872070
    281     0.869153700221
    282     0.869153705470
    283     0.870433135436
    284     0.870433640646
    285     0.872535484351
    286     0.881932331722
    287     0.881932821735
    288     0.883233571316
    289     0.883234022815
    290     0.883234411430
    291     0.886102901559
    292     0.886103217559
    293     0.886103936780
    294     0.890818782640
    295     0.893004300158
    296     0.893004311058
    297     0.903297178091
    298     0.903297265451
    299     0.904194194812
    300     0.904194911563
    301     0.904195128936
    302     0.911884380185
    303     0.911884819815
    304     0.911885115512
    305     0.914934394835
    306     0.919946324318
    307     0.919946328858
    308     0.929701400844
    309     0.929701816347
    310     0.933360027093
    311     0.933360090669
    312     0.933360118562
    313     0.935964834489
    314     0.935964838908
    315     0.935964873601
    316     0.938282059686
    317     0.938282074764
    318     0.938282150042
    319     0.941791221696
    320     0.941791341796
    321     0.941791447798
    322     0.942609070677
    323     0.942609137532
    324     0.942609188669
    325     0.944055770478
    326     0.944055983898
    327     0.944056118609
    328     0.944380735401
    329     0.947605167315
    330     0.947605296607
    331     0.947605459668
    332     0.950180279221
    333     0.953424430315
    334     0.953424499055
    335     0.953425861388
    336     0.955830655978
    337     0.973301196903
    338     0.973301238925
    339     0.981779120933
    340     0.981779759304
    341     0.981780182070
    342     0.987218598595
    343     0.987218620261
    344     0.987218640674
    345     1.016072341857
    346     1.016072418157
    347     1.016072587466
    348     1.019586375967
    349     1.019586454070
    350     1.019586478616
    351     1.020944924515
    352     1.020945020676
    353     1.023526752919
    354     1.023526757402
    355     1.023526768368
    356     1.034818744318
    357     1.039716017948
    358     1.040810313351
    359     1.040810315436
    360     1.040810317190
    361     1.056428620405
    362     1.056433746864
    363     1.056442408623
    364     1.058682497476
    365     1.058682555097
    366     1.058682581633
    367     1.058871250876
    368     1.058871592909
    369     1.058871778939
    370     1.060459364086
    371     1.060459371667
    372     1.060459378900
    373     1.064797512231
    374     1.064797515563
    375     1.066900942791
    376     1.066909811567
    377     1.066914821775
    378     1.073333336861
    379     1.073333444005
    380     1.073333561882
    381     1.082596783847
    382     1.082596793947
    383     1.084244278262
    384     1.084244288138
    385     1.084244411935
    386     1.084966082751
    387     1.084966105759
    388     1.084966119305
    389     1.090287253503
    390     1.097503468798
    391     1.099173870851
    392     1.099173968028
    393     1.099174338038
    394     1.113253579709
    395     1.113253785964
    396     1.113253951663
    397     1.120260270472
    398     1.120260293921
    399     1.120260329844
    400     1.137862523343
    401     1.137862596431
    402     1.137862880042
    403     1.143567976662
    404     1.143568378209
    405     1.143568807959
    406     1.148369546578
    407     1.157748586485
    408     1.173919114960
    409     1.173919192140
    410     1.177389708993
    411     1.177389736439
    412     1.178150909032
    413     1.178150995295
    414     1.178151248236
    415     1.221464999252
    416     1.221465066587
    417     1.221465297778
    418     1.257593599291
    419     1.293352214524
    420     1.293352256192
    421     1.293352303164
    422     1.325236630602
    423     1.325236638855
    424     1.325236652649
    425     1.343909086500
    426     1.389693520690
    427     1.389693864168
    428     1.389694138242
    429     1.454332667903
    430     1.454332911042
    431     1.454333208000
    432     1.467425273297
    433     1.467425274323
    434     1.469649359764
    435     1.473734034563
    436     1.473734207570
    437     1.473734425195
    438     1.484247976301
    439     1.484248181883
    440     1.484248334078
    441     1.485965796029
    442     1.485966003848
    443     1.485966083545
    444     1.490713177106
    445     1.490713220749
    446     1.490713306004
    447     1.516867341492
    448     1.516867350298
    449     1.520743026367
    450     1.520743424044
    451     1.520743715141
    452     1.531744641098
    453     1.531744747731
    454     1.531744969544
    455     1.542807309626
    456     1.542807626937
    457     1.542808001584
    458     1.544470595867
    459     1.544470908408
    460     1.544471022803
    461     1.592231193995
    462     1.592231670350
    463     1.608305162223
    464     1.608305724614
    465     1.611712176715
    466     1.611712745354
    467     1.612240560569
    468     1.612913103646
    469     1.612913421543
    470     1.612914226318
    471     1.616109768581
    472     1.616110707317
    473     1.616111008290
    474     1.617137097574
    475     1.629602343060
    476     1.629668835388
    477     1.629731251950
    478     1.629731572291
    479     1.629732406311
    480     1.630061367966
    481     1.630061375000
    482     1.635577782210
    483     1.635578589807
    484     1.635578975535
    485     1.652225573617
    486     1.652225576802
    487     1.652225582842
    488     1.653325204278
    489     1.653325334920
    490     1.653325417890
    491     1.654262911755
    492     1.654263075805
    493     1.663995923493
    494     1.663996111569
    495     1.663996469605
    496     1.680504780131
    497     1.680504854502
    498     1.680504941527
    499     1.688744054356
    500     1.688744180665
    501     1.688744272693
    502     1.703929676214
    503     1.703929686000
    504     1.703929692365
    505     1.711886575656
    506     1.711886697411
    507     1.711886759569
    508     1.761249192837
    509     1.767935249940
    510     1.767935261878
    511     1.767935282372
    512     1.788995974158
    513     1.788996017923
    514     2.062815971721
    515     2.119576443273
    516     2.119576738695
    517     2.119577112180
    518     2.162012506860
    519     2.162012872377
    520     2.162013165559
    521     2.232942593346
    522     2.232942688097
    523     2.232942753361
    524     2.239564481770
    525     2.239564753436
    526     2.239564959253
    527     2.290361398510
    528     2.290361448649
    529     2.321726204254

 WARNING: overriding the number of electrons in FCIDUMP file: FCIDUMP.
 FCIDUMP file indicates 2 electrons.
 Input file set 2 electrons.

 Memory required for all two body integrals (MB) on each processor: 0
 It is left to the user to ensure that this does not exceed available resources.

 Basis functions
 ---------------

 Spin given in units of 1/2.
 k-points given in terms of the reciprocal lattice vectors of the crystal cell.

 index   k-point            ms       <i|f|i>
     1   (  0,  0,  0)      1       -9.58944211E-01
     2   (  0,  0,  0)     -1       -9.58944211E-01
     3   (  0,  0,  0)      1        1.43796954E-01
     4   (  0,  0,  0)     -1        1.43796954E-01
     5   (  0,  0,  0)      1        5.98489342E-01
     6   (  0,  0,  0)     -1        5.98489342E-01
     7   (  0,  0,  0)      1        5.98489342E-01
     8   (  0,  0,  0)     -1        5.98489342E-01
     9   (  0,  0,  0)      1        5.98489342E-01
    10   (  0,  0,  0)     -1        5.98489342E-01
    11   (  0,  0,  0)      1        6.28849901E-01
    12   (  0,  0,  0)     -1        6.28849901E-01
    13   (  0,  0,  0)      1        6.28849901E-01
    14   (  0,  0,  0)     -1        6.28849901E-01
    15   (  0,  0,  0)      1        8.97501153E-01
    16   (  0,  0,  0)     -1        8.97501153E-01
    17   (  0,  0,  0)      1        1.17671285E+00
    18   (  0,  0,  0)     -1        1.17671285E+00
    19   (  0,  0,  0)      1        1.17671285E+00
    20   (  0,  0,  0)     -1        1.17671285E+00
    21   (  0,  0,  0)      1        1.17671285E+00
    22   (  0,  0,  0)     -1        1.17671285E+00
    23   (  0,  0,  0)      1        1.23686490E+00
    24   (  0,  0,  0)     -1        1.23686490E+00
    25   (  0,  0,  0)      1        1.23686490E+00
    26   (  0,  0,  0)     -1        1.23686490E+00
    27   (  0,  0,  0)      1        1.23686490E+00
    28   (  0,  0,  0)     -1        1.23686490E+00
    29   (  0,  0,  0)      1        1.24474849E+00
    30   (  0,  0,  0)     -1        1.24474849E+00
    31   (  0,  0,  0)      1        1.24474849E+00
    32   (  0,  0,  0)     -1        1.24474849E+00
    33   (  0,  0,  0)      1        1.24908529E+00
    34   (  0,  0,  0)     -1        1.24908529E+00
    35   (  0,  0,  0)      1        1.24908529E+00
    36   (  0,  0,  0)     -1        1.24908529E+00
    37   (  0,  0,  0)      1        1.24908529E+00
    38   (  0,  0,  0)     -1        1.24908529E+00
    39   (  0,  0,  0)      1        1.67460094E+00
    40   (  0,  0,  0)     -1        1.67460094E+00
    41   (  0,  0,  0)      1        1.82004460E+00
    42   (  0,  0,  0)     -1        1.82004460E+00
    43   (  0,  0,  0)      1        1.82004460E+00
    44   (  0,  0,  0)     -1        1.82004460E+00
    45   (  0,  0,  0)      1        1.82004460E+00
    46   (  0,  0,  0)     -1        1.82004460E+00

 E_core =    0.000000000000
 Number of electrons: 2
 Number of basis functions: 46

 Bit-length of integers used to store determinant bit-strings: 64
 Number of integers used to store determinant bit-strings: 1

 Symmetry information
 --------------------

 The table below gives the label and inverse of each wavevector.

 Index    k-point         Inverse
   1      (  0,  0,  0)        1

 The matrix below gives the result of k_i+k_j to within a reciprocal lattice vector.

  1

 FCI
 ---

 -- Start JSON block --
 {
     "system": {
         "nbasis": 46,   
         "nel": 2,   
         "nvirt": 44,   
         "Ms": 2,   
         "nalpha": 2,   
         "nbeta": 0,   
         "nvirt_alpha": 21,   
         "nvirt_beta": 23,   
         "nsym": 1,   
         "sym0": 1,   
         "sym_max": 1,   
         "nsym_tot": 1,   
         "sym0_tot": 1,   
         "sym_max_tot": 1,   
         "symmetry": 1,   
         "tot_sym": false,   
         "aufbau_sym": true,   
         "max_number_excitations": 2,   
         "read_in": {
             "int_file":  "FCIDUMP",   
             "uhf": false,   
             "Ecore": 0.00000000,   
             "CAS": [ -1, -1],
             "useLz": false,   
             "complex": true    
         }
     },
     "fci_in": {
         "write_hamiltonian": false,   
         "hamiltonian_file":  "HAMIL",   
         "write_determinants": false,   
         "determinant_file":  "DETS",   
         "print_fci_wfn": 0,   
         "print_fci_wfn_file":  "FCI_WFN",   
         "analyse_fci_wfn": 0,   
         "block_size": 64,   
         "ndavidson_eigv": 4,   
         "ndavidson_trialvec": 8,   
         "davidson_maxsize": 50,   
         "davidson_tol": 0.00000010,   
         "hamiltonian_diagonal_only": false,   
     },
     "reference": {
         "ex_level": 2    
     }
 }
 -- End JSON block --

 The table below gives the number of determinants for each symmetry with Ms=2.

 Symmetry index      # dets
         1              253

 Performing exact diagonalisation...

 LAPACK diagonalisation results
 ^^^^^^^^^^^^^^^^^^^^^^^^^^^^^^

  State     Energy
      1    -2.365179840841
      2    -1.933027254577
      3    -1.933027253397
      4    -1.933027249965
      5    -1.853781962268
      6    -1.853781960236
      7    -1.607094602279
      8    -1.365107901005
      9    -1.365107899339
     10    -1.365107897807
     11    -1.264512212638
     12    -1.264512193689
     13    -1.264512170263
     14    -1.235550988001
     15    -1.235550987750
     16    -1.231456611880
     17    -1.231456599826
     18    -1.231456581044
     19    -0.825993450466
     20    -0.825993444487
     21    -0.825993439401
     22    -0.818365448709
     23    -0.701473362936
     24    -0.701473362635
     25    -0.679142963247
     26    -0.679142951888
     27    -0.679142943800
     28    -0.434020647952
     29    -0.434020636613
     30    -0.434020633419
     31    -0.430405769728
     32    -0.309649798141
     33    -0.309649755435
     34    -0.309649711269
     35    -0.298178717490
     36    -0.298178712843
     37    -0.298178707399
     38    -0.211613284196
     39    -0.211613265942
     40    -0.211613251341
     41    -0.172938378390
     42    -0.092834372219
     43    -0.092834362355
     44    -0.092834345147
     45    -0.054383996082
     46    -0.054383980272
     47    -0.054383962326
     48    -0.038850689654
     49    -0.038850687615
     50    -0.038712918712
     51    -0.038712909642
     52    -0.038712905951
     53     0.085423711782
     54     0.085423712127
     55     0.122159073755
     56     0.122159074484
     57     0.136925128613
     58     0.145512297727
     59     0.145512334693
     60     0.145512350212
     61     0.179870337720
     62     0.179870447443
     63     0.179870480441
     64     0.230586473785
     65     0.237625210112
     66     0.237625318882
     67     0.237625387064
     68     0.256534743752
     69     0.256534878741
     70     0.256535070827
     71     0.277395964757
     72     0.277396090858
     73     0.277396178303
     74     0.292288363099
     75     0.292288389909
     76     0.292288407317
     77     0.297436538894
     78     0.300944523396
     79     0.300944592697
     80     0.310778573802
     81     0.310778574978
     82     0.316025563893
     83     0.316025568746
     84     0.316025582520
     85     0.324459368789
     86     0.324459451297
     87     0.324459490499
     88     0.333077889507
     89     0.333077906963
     90     0.333077910849
     91     0.342242321727
     92     0.342242325946
     93     0.342242330761
     94     0.379005717777
     95     0.431677420739
     96     0.431677444037
     97     0.431677457752
     98     0.432895243328
     99     0.432895300208
    100     0.432895449463
    101     0.434413319476
    102     0.442428480959
    103     0.442428767679
    104     0.442428834452
    105     0.448488595912
    106     0.463317636728
    107     0.463317636915
    108     0.476560540563
    109     0.476560869662
    110     0.476561085036
    111     0.530581789376
    112     0.530582271359
    113     0.530582711394
    114     0.566857783149
    115     0.566858288495
    116     0.566858805259
    117     0.681526629357
    118     0.681526638239
    119     0.681526660923
    120     0.719674142526
    121     0.719674145851
    122     0.734854678931
    123     0.734854752676
    124     0.734854759033
    125     0.746383149332
    126     0.746383196522
    127     0.746383237566
    128     0.761375878419
    129     0.761375887626
    130     0.761375899817
    131     0.867250492244
    132     0.867251184002
    133     0.867251491729
    134     0.868246617670
    135     0.868246752452
    136     0.868246872070
    137     0.869153700221
    138     0.869153705470
    139     0.872535484351
    140     0.881932331722
    141     0.881932821735
    142     0.883233571316
    143     0.883234022815
    144     0.883234411430
    145     0.886102901559
    146     0.886103217559
    147     0.886103936780
    148     0.890818782640
    149     0.893004300158
    150     0.893004311058
    151     0.914934394835
    152     0.919946324318
    153     0.919946328858
    154     0.933360027093
    155     0.933360090669
    156     0.933360118562
    157     0.935964834489
    158     0.935964838908
    159     0.935964873601
    160     0.942609070677
    161     0.942609137532
    162     0.942609188669
    163     0.947605167315
    164     0.947605296607
    165     0.947605459668
    166     0.987218598595
    167     0.987218620261
    168     0.987218640674
    169     1.019586375967
    170     1.019586454070
    171     1.019586478616
    172     1.023526752919
    173     1.023526757402
    174     1.023526768368
    175     1.039716017948
    176     1.040810313351
    177     1.040810315436
    178     1.040810317190
    179     1.058682497476
    180     1.058682555097
    181     1.058682581633
    182     1.058871250876
    183     1.058871592909
    184     1.058871778939
    185     1.060459364086
    186     1.060459371667
    187     1.060459378900
    188     1.064797512231
    189     1.064797515563
    190     1.097503468798
    191     1.099173870851
    192     1.099173968028
    193     1.099174338038
    194     1.113253579709
    195     1.113253785964
    196     1.113253951663
    197     1.137862523343
    198     1.137862596431
    199     1.137862880042
    200     1.157748586485
    201     1.293352214524
    202     1.293352256192
    203     1.293352303164
    204     1.389693520690
    205     1.389693864168
    206     1.389694138242
    207     1.467425273297
    208     1.467425274323
    209     1.469649359764
    210     1.473734034563
    211     1.473734207570
    212     1.473734425195
    213     1.490713177106
    214     1.490713220749
    215     1.490713306004
    216     1.516867341492
    217     1.516867350298
    218     1.520743026367
    219     1.520743424044
    220     1.520743715141
    221     1.531744641098
    222     1.531744747731
    223     1.531744969544
    224     1.608305162223
    225     1.608305724614
    226     1.612240560569
    227     1.612913103646
    228     1.612913421543
    229     1.612914226318
    230     1.616109768581
    231     1.616110707317
    232     1.616111008290
    233     1.629602343060
    234     1.630061367966
    235     1.630061375000
    236     1.652225573617
    237     1.652225576802
    238     1.652225582842
    239     1.653325204278
    240     1.653325334920
    241     1.653325417890
    242     1.680504780131
    243     1.680504854502
    244     1.680504941527
    245     1.688744054356
    246     1.688744180665
    247     1.688744272693
    248     2.119576443273
    249     2.119576738695
    250     2.119577112180
    251     2.232942593346
    252     2.232942688097
    253     2.232942753361

 Timing breakdown
 ----------------

 Wall time for each calculation section (seconds):

 Generic system initialisation: .40
 FCI calculation              : .03
 Generic system initialisation: .40
 FCI calculation              : .10
 Generic system initialisation: .41
 FCI calculation              : .02

 ================================================================
 Finished running on 28/03/2024 at 12:53:14
 Wall time (seconds):                               2.08
 CPU time (per processor, seconds):                 1.36
 ================================================================

